<?xml version="1.0" encoding="UTF-8"?>
<!-- Generated by org.testng.reporters.JUnitReportReporter -->
<testsuite hostname="Professor-X" failures="0" tests="2" name="api.test.UserTest" time="6.561" errors="0" timestamp="2024-12-27T17:56:29 IST" skipped="0">
  <testcase classname="api.test.UserTest" name="testPostUser" time="5.325"/>
  <testcase classname="api.test.UserTest" name="testGetUser" time="1.236"/>
</testsuite> <!-- api.test.UserTest -->
